<?xml version="1.0" encoding="UTF-8" standalone="yes"?>
<APIProxy>
    <name>test-api</name>
    <title>test-api</title>
    <description> </description>
    <service_code>REST</service_code>
    <life_cycle>
        <changed_by>shashank.singh@rojoconsultancy.com</changed_by>
        <created_by>shashank.singh@rojoconsultancy.com</created_by>
    </life_cycle>
    <proxyEndPoints>
        <proxyEndPoint>
            <proxyEndPointName>default</proxyEndPointName>
            <apiResourceName>SWAGGER_JSON</apiResourceName>
            <apiResourceName>test-resource</apiResourceName>
        </proxyEndPoint>
    </proxyEndPoints>
    <targetEndPoints>
        <targetEndPoint>default</targetEndPoint>
    </targetEndPoints>
    <policies>
        <policy type="RaiseFault">defaultRaiseFaultPolicy</policy>
    </policies>
    <fileResources/>
</APIProxy>
